<?xml version="1.0" encoding="UTF-8"?>
<!-- Generated by org.testng.reporters.JUnitReportReporter -->
<testsuite skipped="0" hostname="Chaman-Laptop" name="com.test.Test2" tests="2" failures="0" timestamp="2020-09-13T23:21:35 IST" time="0.017" errors="0">
  <testcase name="test2" time="0.003" classname="com.test.Test2"/>
  <system-out/>
  <testcase name="test1" time="0.014" classname="com.test.Test2"/>
  <system-out/>
</testsuite> <!-- com.test.Test2 -->
