<?xml version="1.0" encoding="UTF-8"?>
<!-- Generated by org.testng.reporters.JUnitReportReporter -->
<testsuite skipped="0" hostname="Chaman-Laptop" name="com.test.Test1" tests="1" failures="0" timestamp="2020-09-13T23:18:47 IST" time="0.017" errors="0">
  <testcase name="test" time="0.017" classname="com.test.Test1"/>
  <system-out/>
</testsuite> <!-- com.test.Test1 -->
