<?xml version="1.0" encoding="UTF-8"?>
<testsuite name="JUnit Jupiter" tests="1" skipped="0" failures="0" errors="0" time="0.081" hostname="Chaman-Laptop" timestamp="2020-10-27T21:06:37">
<properties>
<property name="awt.toolkit" value="sun.awt.windows.WToolkit"/>
<property name="file.encoding" value="windows-1252"/>
<property name="file.encoding.pkg" value="sun.io"/>
<property name="file.separator" value="\"/>
<property name="java.awt.graphicsenv" value="sun.awt.Win32GraphicsEnvironment"/>
<property name="java.awt.printerjob" value="sun.awt.windows.WPrinterJob"/>
<property name="java.class.path" value="D:\java_works_2020\testing-application-from-scatch\junit-5-fundamentals\02\demos\m1\JUnit5Gradle\build\classes\test;D:\java_works_2020\testing-application-from-scatch\junit-5-fundamentals\02\demos\m1\JUnit5Gradle\build\resources\test;D:\java_works_2020\testing-application-from-scatch\junit-5-fundamentals\02\demos\m1\JUnit5Gradle\build\classes\main;D:\java_works_2020\testing-application-from-scatch\junit-5-fundamentals\02\demos\m1\JUnit5Gradle\build\resources\main;C:\Users\chaman.bharti\.gradle\caches\modules-2\files-2.1\org.junit.jupiter\junit-jupiter-api\5.0.1\30fbf4448c594cb45d8e91630d6bb7f465906b88\junit-jupiter-api-5.0.1.jar;C:\Users\chaman.bharti\.gradle\caches\modules-2\files-2.1\org.junit.jupiter\junit-jupiter-engine\5.0.1\e22d2bf87f43fb03fee14dea447b2a14f41b095f\junit-jupiter-engine-5.0.1.jar;C:\Users\chaman.bharti\.gradle\caches\modules-2\files-2.1\org.junit.platform\junit-platform-launcher\1.0.1\5562631a34e4eefefdad04cdd49a50774d6ac777\junit-platform-launcher-1.0.1.jar;C:\Users\chaman.bharti\.gradle\caches\modules-2\files-2.1\org.opentest4j\opentest4j\1.0.0\6f09c598e9ff64bf0ce2fa7e7de49a99ba83c0b4\opentest4j-1.0.0.jar;C:\Users\chaman.bharti\.gradle\caches\modules-2\files-2.1\org.junit.platform\junit-platform-commons\1.0.1\3632e4a74a43d3ae8d29e6fa172cbc29590bda03\junit-platform-commons-1.0.1.jar;C:\Users\chaman.bharti\.gradle\caches\modules-2\files-2.1\org.junit.platform\junit-platform-engine\1.0.1\4ce0a37866312c18ea3f45818f2faec077e46e0\junit-platform-engine-1.0.1.jar;C:\Users\chaman.bharti\.gradle\caches\modules-2\files-2.1\org.junit.platform\junit-platform-console\1.0.1\3892e08f30d92a88addc73f3a5f9575be864cec\junit-platform-console-1.0.1.jar"/>
<property name="java.class.version" value="52.0"/>
<property name="java.endorsed.dirs" value="C:\Program Files\Java\jdk1.8.0_231\jre\lib\endorsed"/>
<property name="java.ext.dirs" value="C:\Program Files\Java\jdk1.8.0_231\jre\lib\ext;C:\WINDOWS\Sun\Java\lib\ext"/>
<property name="java.home" value="C:\Program Files\Java\jdk1.8.0_231\jre"/>
<property name="java.io.tmpdir" value="C:\Users\CHAMAN~1.BHA\AppData\Local\Temp\"/>
<property name="java.library.path" value="C:\Program Files\Java\jdk1.8.0_231\bin;C:\WINDOWS\Sun\Java\bin;C:\WINDOWS\system32;C:\WINDOWS;C:/Program Files/Java/jdk1.8.0_231/bin/../jre/bin/server;C:/Program Files/Java/jdk1.8.0_231/bin/../jre/bin;C:/Program Files/Java/jdk1.8.0_231/bin/../jre/lib/amd64;C:\WINDOWS\system32;C:\WINDOWS;C:\WINDOWS\System32\Wbem;C:\WINDOWS\System32\WindowsPowerShell\v1.0\;C:\Program Files\TortoiseSVN\bin;C:\Program Files\Microsoft SQL Server\Client SDK\ODBC\130\Tools\Binn\;C:\Program Files (x86)\Microsoft SQL Server\140\Tools\Binn\;C:\Program Files\Microsoft SQL Server\140\Tools\Binn\;C:\Program Files\Microsoft SQL Server\140\DTS\Binn\;C:\WINDOWS\System32\OpenSSH\;C:\Program Files\Git\cmd;C:\Program Files\Microsoft SQL Server\Client SDK\ODBC\170\Tools\Binn\;C:\Program Files\nodejs;C:\Users\chaman.bharti\AppData\Roaming\npm\node_modules\@angular\cli\bin;C:\Program Files\Apache Software Foundation\maven\apache-maven-3.6.3\bin;C:\Program Files\Java\jdk1.8.0_231\bin;C:\Program Files\MongoDB\Server\4.4\bin;%SPRING_HOME%\bin;C:\Program Files\MySQL\MySQL Shell 8.0\bin\;C:\Users\chaman.bharti\AppData\Local\Microsoft\WindowsApps;C:\kafka_2.13-2.5.0\kafka_2.13-2.5.0\bin\windows;C:\Program Files\nodejs;C:\Users\chaman.bharti\AppData\Roaming\npm\node_modules\@angular\cli\bin;C:\Users\chaman.bharti\AppData\Roaming\npm;C:\Users\chaman.bharti\AppData\Local\Programs\Microsoft VS Code\bin;C:\Program Files\Java\jdk1.8.0_231\bin;;D:\software\spring-tool-suite-3.9.13.RELEASE-e4.16.0-win32-x86_64\sts-bundle\sts-3.9.13.RELEASE;;."/>
<property name="java.runtime.name" value="Java(TM) SE Runtime Environment"/>
<property name="java.runtime.version" value="1.8.0_231-b11"/>
<property name="java.specification.name" value="Java Platform API Specification"/>
<property name="java.specification.vendor" value="Oracle Corporation"/>
<property name="java.specification.version" value="1.8"/>
<property name="java.vendor" value="Oracle Corporation"/>
<property name="java.vendor.url" value="http://java.oracle.com/"/>
<property name="java.vendor.url.bug" value="http://bugreport.sun.com/bugreport/"/>
<property name="java.version" value="1.8.0_231"/>
<property name="java.vm.info" value="mixed mode"/>
<property name="java.vm.name" value="Java HotSpot(TM) 64-Bit Server VM"/>
<property name="java.vm.specification.name" value="Java Virtual Machine Specification"/>
<property name="java.vm.specification.vendor" value="Oracle Corporation"/>
<property name="java.vm.specification.version" value="1.8"/>
<property name="java.vm.vendor" value="Oracle Corporation"/>
<property name="java.vm.version" value="25.231-b11"/>
<property name="line.separator" value="
"/>
<property name="os.arch" value="amd64"/>
<property name="os.name" value="Windows 10"/>
<property name="os.version" value="10.0"/>
<property name="path.separator" value=";"/>
<property name="sun.arch.data.model" value="64"/>
<property name="sun.boot.class.path" value="C:\Program Files\Java\jdk1.8.0_231\jre\lib\resources.jar;C:\Program Files\Java\jdk1.8.0_231\jre\lib\rt.jar;C:\Program Files\Java\jdk1.8.0_231\jre\lib\sunrsasign.jar;C:\Program Files\Java\jdk1.8.0_231\jre\lib\jsse.jar;C:\Program Files\Java\jdk1.8.0_231\jre\lib\jce.jar;C:\Program Files\Java\jdk1.8.0_231\jre\lib\charsets.jar;C:\Program Files\Java\jdk1.8.0_231\jre\lib\jfr.jar;C:\Program Files\Java\jdk1.8.0_231\jre\classes"/>
<property name="sun.boot.library.path" value="C:\Program Files\Java\jdk1.8.0_231\jre\bin"/>
<property name="sun.cpu.endian" value="little"/>
<property name="sun.cpu.isalist" value="amd64"/>
<property name="sun.desktop" value="windows"/>
<property name="sun.io.unicode.encoding" value="UnicodeLittle"/>
<property name="sun.java.command" value="org.junit.platform.console.ConsoleLauncher --details NONE --scan-class-path D:\java_works_2020\testing-application-from-scatch\junit-5-fundamentals\02\demos\m1\JUnit5Gradle\build\classes\main;D:\java_works_2020\testing-application-from-scatch\junit-5-fundamentals\02\demos\m1\JUnit5Gradle\build\resources\main;D:\java_works_2020\testing-application-from-scatch\junit-5-fundamentals\02\demos\m1\JUnit5Gradle\build\classes\test;D:\java_works_2020\testing-application-from-scatch\junit-5-fundamentals\02\demos\m1\JUnit5Gradle\build\resources\test -n ^.*Tests?$ --reports-dir D:\java_works_2020\testing-application-from-scatch\junit-5-fundamentals\02\demos\m1\JUnit5Gradle\build\test-results\junit-platform"/>
<property name="sun.java.launcher" value="SUN_STANDARD"/>
<property name="sun.jnu.encoding" value="Cp1252"/>
<property name="sun.management.compiler" value="HotSpot 64-Bit Tiered Compilers"/>
<property name="sun.os.patch.level" value=""/>
<property name="user.country" value="IN"/>
<property name="user.dir" value="D:\java_works_2020\testing-application-from-scatch\junit-5-fundamentals\02\demos\m1\JUnit5Gradle"/>
<property name="user.home" value="C:\Users\chaman.bharti"/>
<property name="user.language" value="en"/>
<property name="user.name" value="Chaman.Bharti"/>
<property name="user.script" value=""/>
<property name="user.timezone" value="Asia/Calcutta"/>
<property name="user.variant" value=""/>
</properties>
<testcase name="firstTest()" classname="HelloWorldTest" time="0.017">
<system-out><![CDATA[
unique-id: [engine:junit-jupiter]/[class:HelloWorldTest]/[method:firstTest()]
display-name: firstTest()
]]></system-out>
</testcase>
<system-out><![CDATA[
unique-id: [engine:junit-jupiter]
display-name: JUnit Jupiter
]]></system-out>
</testsuite>
